<?xml version="1.0" encoding="UTF-8"?>
<!-- Generated by org.testng.reporters.JUnitXMLReporter -->
<testsuite ignored="4" hostname="DESKTOP-V39QH6A" failures="2" tests="3" name="Test" time="145.115" errors="0" timestamp="2022-12-23T08:03:01 IST">
  <testcase classname="com.obs.tests.LoginTest" name="verifyLogin" time="36.84"/>
  <testcase classname="com.obs.tests.VerifyUserLogin" name="verifyUserLogin" time="28.759">
    <failure type="org.openqa.selenium.ElementClickInterceptedException" message="element click intercepted: Element &amp;lt;span class=&amp;quot;ml-3&amp;quot;&amp;gt;...&amp;lt;/span&amp;gt; is not clickable at point (1238, 24). Other element would receive the click: &amp;lt;h2 class=&amp;quot;swal2-title&amp;quot; id=&amp;quot;swal2-title&amp;quot; style=&amp;quot;display: flex;&amp;quot;&amp;gt;...&amp;lt;/h2&amp;gt;
  (Session info: chrome=108.0.5359.125)
Build info: version: &amp;apos;3.141.59&amp;apos;, revision: &amp;apos;e82be7d358&amp;apos;, time: &amp;apos;2018-11-14T08:17:03&amp;apos;
System info: host: &amp;apos;DESKTOP-V39QH6A&amp;apos;, ip: &amp;apos;192.168.1.9&amp;apos;, os.name: &amp;apos;Windows 10&amp;apos;, os.arch: &amp;apos;amd64&amp;apos;, os.version: &amp;apos;10.0&amp;apos;, java.version: &amp;apos;18.0.1&amp;apos;
Driver info: org.openqa.selenium.chrome.ChromeDriver
Capabilities {acceptInsecureCerts: false, browserName: chrome, browserVersion: 108.0.5359.125, chrome: {chromedriverVersion: 108.0.5359.71 (1e0e3868ee06..., userDataDir: C:\Users\KRISHS~1\AppData\L...}, goog:chromeOptions: {debuggerAddress: localhost:49731}, javascriptEnabled: true, networkConnectionEnabled: false, pageLoadStrategy: normal, platform: WINDOWS, platformName: WINDOWS, proxy: Proxy(), setWindowRect: true, strictFileInteractability: false, timeouts: {implicit: 0, pageLoad: 300000, script: 30000}, unhandledPromptBehavior: dismiss and notify, webauthn:extension:credBlob: true, webauthn:extension:largeBlob: true, webauthn:virtualAuthenticators: true}
Session ID: 36d96c15b992fa3a749ac67048510a5d">
      <![CDATA[org.openqa.selenium.ElementClickInterceptedException: element click intercepted: Element <span class="ml-3">...</span> is not clickable at point (1238, 24). Other element would receive the click: <h2 class="swal2-title" id="swal2-title" style="display: flex;">...</h2>
  (Session info: chrome=108.0.5359.125)
Build info: version: '3.141.59', revision: 'e82be7d358', time: '2018-11-14T08:17:03'
System info: host: 'DESKTOP-V39QH6A', ip: '192.168.1.9', os.name: 'Windows 10', os.arch: 'amd64', os.version: '10.0', java.version: '18.0.1'
Driver info: org.openqa.selenium.chrome.ChromeDriver
Capabilities {acceptInsecureCerts: false, browserName: chrome, browserVersion: 108.0.5359.125, chrome: {chromedriverVersion: 108.0.5359.71 (1e0e3868ee06..., userDataDir: C:\Users\KRISHS~1\AppData\L...}, goog:chromeOptions: {debuggerAddress: localhost:49731}, javascriptEnabled: true, networkConnectionEnabled: false, pageLoadStrategy: normal, platform: WINDOWS, platformName: WINDOWS, proxy: Proxy(), setWindowRect: true, strictFileInteractability: false, timeouts: {implicit: 0, pageLoad: 300000, script: 30000}, unhandledPromptBehavior: dismiss and notify, webauthn:extension:credBlob: true, webauthn:extension:largeBlob: true, webauthn:virtualAuthenticators: true}
Session ID: 36d96c15b992fa3a749ac67048510a5d
at org.openqa.selenium.remote.http.W3CHttpResponseCodec.createException(W3CHttpResponseCodec.java:187)
at org.openqa.selenium.remote.http.W3CHttpResponseCodec.decode(W3CHttpResponseCodec.java:122)
at org.openqa.selenium.remote.http.W3CHttpResponseCodec.decode(W3CHttpResponseCodec.java:49)
at org.openqa.selenium.remote.HttpCommandExecutor.execute(HttpCommandExecutor.java:158)
at org.openqa.selenium.remote.service.DriverCommandExecutor.execute(DriverCommandExecutor.java:83)
at org.openqa.selenium.remote.RemoteWebDriver.execute(RemoteWebDriver.java:552)
at org.openqa.selenium.remote.RemoteWebElement.execute(RemoteWebElement.java:285)
at org.openqa.selenium.remote.RemoteWebElement.click(RemoteWebElement.java:84)
at org.openqa.selenium.support.pagefactory.internal.LocatingElementHandler.invoke(LocatingElementHandler.java:51)
at jdk.proxy2/jdk.proxy2.$Proxy31.click(Unknown Source)
at com.obs.pages.AdminHomePage.logout(AdminHomePage.java:80)
at com.obs.tests.VerifyUserLogin.verifyUserLogin(VerifyUserLogin.java:59)
at java.base/java.util.ArrayList.forEach(ArrayList.java:1511)
... Removed 30 stack frames]]>
    </failure>
  </testcase> <!-- verifyUserLogin -->
  <testcase classname="com.obs.tests.VerifyDepositAmount" name="verifyDepositAmount" time="64.24">
    <failure type="java.lang.AssertionError" message="Deposit is not working expected [true] but found [false]">
      <![CDATA[java.lang.AssertionError: Deposit is not working expected [true] but found [false]
at com.obs.pages.UserHomePage.verifyAmount(UserHomePage.java:78)
at com.obs.tests.VerifyDepositAmount.verifyDepositAmount(VerifyDepositAmount.java:78)
at java.base/java.util.ArrayList.forEach(ArrayList.java:1511)
... Removed 28 stack frames]]>
    </failure>
  </testcase> <!-- verifyDepositAmount -->
  <testcase classname="com.obs.base.BasePage" name="@BeforeSuite initialyeReport" time="0.0">
    <ignored/>
  </testcase> <!-- @BeforeSuite initialyeReport -->
  <testcase classname="com.obs.base.BasePage" name="@AfterSuite cleanup" time="0.0">
    <ignored/>
  </testcase> <!-- @AfterSuite cleanup -->
  <testcase classname="com.obs.base.BasePage" name="@AfterSuite cleanup" time="0.0">
    <ignored/>
  </testcase> <!-- @AfterSuite cleanup -->
  <testcase classname="com.obs.base.BasePage" name="@BeforeSuite initialyeReport" time="0.0">
    <ignored/>
  </testcase> <!-- @BeforeSuite initialyeReport -->
</testsuite> <!-- Test -->
